0 info it worked if it ends with ok
1 verbose cli [ 'C:\\Program Files (x86)\\Microsoft Visual Studio\\2017\\Community\\Web\\External\\Node.exe',
1 verbose cli   'C:\\Program Files (x86)\\Microsoft Visual Studio\\2017\\Community\\Web\\External\\node_modules\\npm\\bin\\npm-cli.js',
1 verbose cli   'run',
1 verbose cli   'build',
1 verbose cli   '--color=always' ]
2 info using npm@3.3.4
3 info using node@v5.4.1
4 verbose run-script [ 'prebuild', 'build', 'postbuild' ]
5 info lifecycle project3.web@1.0.0~prebuild: project3.web@1.0.0
6 silly lifecycle project3.web@1.0.0~prebuild: no script for prebuild, continuing
7 info lifecycle project3.web@1.0.0~build: project3.web@1.0.0
8 verbose lifecycle project3.web@1.0.0~build: unsafe-perm in lifecycle true
9 verbose lifecycle project3.web@1.0.0~build: PATH: C:\Program Files (x86)\Microsoft Visual Studio\2017\Community\Web\External\node_modules\npm\bin\node-gyp-bin;C:\Code\UNCC\Project3\Project3.Web\Project3.Web\node_modules\.bin;.\node_modules\.bin;C:\Program Files (x86)\Microsoft Visual Studio\2017\Community\Web\External;C:\Program Files (x86)\Razer Chroma SDK\bin;C:\Program Files\Razer Chroma SDK\bin;C:\Program Files (x86)\Intel\iCLS Client\;C:\Program Files\Intel\iCLS Client\;C:\Windows\system32;C:\Windows;C:\Windows\System32\Wbem;C:\Windows\System32\WindowsPowerShell\v1.0\;C:\Program Files (x86)\Intel\Intel(R) Management Engine Components\DAL;C:\Program Files\Intel\Intel(R) Management Engine Components\DAL;C:\Program Files (x86)\Intel\Intel(R) Management Engine Components\IPT;C:\Program Files\Intel\Intel(R) Management Engine Components\IPT;C:\Program Files (x86)\NVIDIA Corporation\PhysX\Common;C:\Program Files\dotnet\;C:\Program Files\Microsoft SQL Server\130\Tools\Binn\;C:\Program Files\Git\cmd;C:\Program Files\Microsoft SQL Server\Client SDK\ODBC\130\Tools\Binn\;C:\Program Files (x86)\Microsoft SQL Server\140\Tools\Binn\;C:\Program Files\Microsoft SQL Server\140\Tools\Binn\;C:\Program Files\Microsoft SQL Server\140\DTS\Binn\;C:\Program Files (x86)\Microsoft SQL Server\Client SDK\ODBC\130\Tools\Binn\;C:\Program Files (x86)\Microsoft SQL Server\140\DTS\Binn\;C:\Program Files (x86)\Microsoft SQL Server\140\Tools\Binn\ManagementStudio\;C:\Program Files\nodejs\;C:\Users\jpare\AppData\Local\Microsoft\WindowsApps;C:\Program Files\Microsoft VS Code\bin;C:\Users\jpare\AppData\Roaming\npm;C:\Code\UnxUtils\usr\local\wbin;C:\Users\jpare\AppData\Local\Microsoft\WindowsApps;C:\Program Files\Microsoft VS Code\bin;C:\Users\jpare\AppData\Roaming\npm;C:\Code\UnxUtils\usr\local\wbin;C:\Program Files\heroku\bin;C:\Program Files (x86)\Microsoft Visual Studio\2017\Community\Common7\IDE\CommonExtensions\Microsoft\TeamFoundation\Team Explorer\Git\cmd;C:\Program Files (x86)\Microsoft Visual Studio\2017\Community\Common7\IDE\CommonExtensions\Microsoft\TeamFoundation\Team Explorer\Git\mingw32\bin
10 verbose lifecycle project3.web@1.0.0~build: CWD: C:\Code\UNCC\Project3\Project3.Web\Project3.Web
11 silly lifecycle project3.web@1.0.0~build: Args: [ '/d /s /c', 'webpack' ]
12 silly lifecycle project3.web@1.0.0~build: Returned: code: 1  signal: null
13 info lifecycle project3.web@1.0.0~build: Failed to exec build script
14 verbose stack Error: project3.web@1.0.0 build: `webpack`
14 verbose stack Exit status 1
14 verbose stack     at EventEmitter.<anonymous> (C:\Program Files (x86)\Microsoft Visual Studio\2017\Community\Web\External\node_modules\npm\lib\utils\lifecycle.js:233:16)
14 verbose stack     at emitTwo (events.js:87:13)
14 verbose stack     at EventEmitter.emit (events.js:172:7)
14 verbose stack     at ChildProcess.<anonymous> (C:\Program Files (x86)\Microsoft Visual Studio\2017\Community\Web\External\node_modules\npm\lib\utils\spawn.js:24:14)
14 verbose stack     at emitTwo (events.js:87:13)
14 verbose stack     at ChildProcess.emit (events.js:172:7)
14 verbose stack     at maybeClose (internal/child_process.js:821:16)
14 verbose stack     at Process.ChildProcess._handle.onexit (internal/child_process.js:211:5)
15 verbose pkgid project3.web@1.0.0
16 verbose cwd C:\Code\UNCC\Project3\Project3.Web\Project3.Web
17 error Windows_NT 10.0.16299
18 error argv "C:\\Program Files (x86)\\Microsoft Visual Studio\\2017\\Community\\Web\\External\\Node.exe" "C:\\Program Files (x86)\\Microsoft Visual Studio\\2017\\Community\\Web\\External\\node_modules\\npm\\bin\\npm-cli.js" "run" "build" "--color=always"
19 error node v5.4.1
20 error npm  v3.3.4
21 error code ELIFECYCLE
22 error project3.web@1.0.0 build: `webpack`
22 error Exit status 1
23 error Failed at the project3.web@1.0.0 build script 'webpack'.
23 error This is most likely a problem with the project3.web package,
23 error not with npm itself.
23 error Tell the author that this fails on your system:
23 error     webpack
23 error You can get their info via:
23 error     npm owner ls project3.web
23 error There is likely additional logging output above.
24 verbose exit [ 1, true ]
